<?xml version="1.0" encoding="UTF-8"?>
<!-- Generated by org.testng.reporters.JUnitReportReporter -->
<testsuite hostname="DESKTOP-B98DA8V" failures="0" tests="1" name="dataBase.Data_Update" time="0.404" errors="0" timestamp="2023-04-26T12:04:02 IST" skipped="0">
  <testcase classname="dataBase.Data_Update" name="Dataupdate" time="0.404"/>
  <system-out/>
</testsuite> <!-- dataBase.Data_Update -->
