<?xml version="1.0" encoding="UTF-8"?>
<!-- Generated by org.testng.reporters.JUnitReportReporter -->
<testsuite hostname="DESKTOP-B98DA8V" failures="0" tests="1" name="dataBase.DataInserting" time="0.419" errors="0" timestamp="2023-04-26T11:44:29 IST" skipped="0">
  <testcase classname="dataBase.DataInserting" name="DataInsert" time="0.419"/>
  <system-out/>
</testsuite> <!-- dataBase.DataInserting -->
