<?xml version="1.0" encoding="UTF-8"?>
<!-- Generated by org.testng.reporters.JUnitReportReporter -->
<testsuite hostname="DESKTOP-B98DA8V" failures="0" tests="1" name="basics.DropDowns" time="7.640" errors="0" timestamp="2023-04-26T12:47:23 IST" skipped="0">
  <testcase classname="basics.DropDowns" name="dropdown" time="7.640"/>
  <system-out/>
</testsuite> <!-- basics.DropDowns -->
