<?xml version="1.0" encoding="UTF-8"?>
<!-- Generated by org.testng.reporters.JUnitReportReporter -->
<testsuite hostname="DESKTOP-B98DA8V" failures="0" tests="1" name="dataBase.DataBase" time="0.415" errors="0" timestamp="2023-04-25T15:54:15 IST" skipped="0">
  <testcase classname="dataBase.DataBase" name="JDBC" time="0.415"/>
  <system-out/>
</testsuite> <!-- dataBase.DataBase -->
