<?xml version="1.0" encoding="UTF-8"?>
<!-- Generated by org.testng.reporters.JUnitReportReporter -->
<testsuite hostname="DESKTOP-B98DA8V" failures="0" tests="1" name="basics.Window_Handling" time="11.214" errors="0" timestamp="2023-04-25T12:13:43 IST" skipped="0">
  <testcase classname="basics.Window_Handling" name="windowHandling" time="11.214"/>
  <system-out/>
</testsuite> <!-- basics.Window_Handling -->
