<?xml version="1.0" encoding="UTF-8"?>
<!-- Generated by org.testng.reporters.JUnitReportReporter -->
<testsuite hostname="DESKTOP-B98DA8V" failures="0" tests="1" name="programs.Prog1" time="10.299" errors="0" timestamp="2023-04-24T10:29:33 IST" skipped="0">
  <testcase classname="programs.Prog1" name="amazon" time="10.299"/>
  <system-out/>
</testsuite> <!-- programs.Prog1 -->
